<?xml version="1.0" encoding="UTF-8" ?>
<testsuite tests="6" failures="0" name="fr.adaming.test.EtudiantDaoImplTest" time="0.482" errors="0" skipped="0">
  <properties>
    <property name="java.vendor" value="Oracle Corporation"/>
    <property name="JOB_NAME" value="JenkinsIntro"/>
    <property name="JDK_JAVA_OPTIONS" value=" --add-opens=java.base/java.lang=ALL-UNNAMED --add-opens=java.rmi/sun.rmi.transport=ALL-UNNAMED"/>
    <property name="sun.java.launcher" value="SUN_STANDARD"/>
    <property name="NUMBER_OF_PROCESSORS" value="4"/>
    <property name="sun.management.compiler" value="HotSpot 64-Bit Tiered Compilers"/>
    <property name="JENKINS_HOME" value="C:\Users\IN-BR-002\.jenkins"/>
    <property name="HUDSON_SERVER_COOKIE" value="34b4a36143c3b71c"/>
    <property name="os.name" value="Windows 10"/>
    <property name="sun.boot.class.path" value="C:\Program Files\Java\jdk1.8.0_202\jre\lib\resources.jar;C:\Program Files\Java\jdk1.8.0_202\jre\lib\rt.jar;C:\Program Files\Java\jdk1.8.0_202\jre\lib\sunrsasign.jar;C:\Program Files\Java\jdk1.8.0_202\jre\lib\jsse.jar;C:\Program Files\Java\jdk1.8.0_202\jre\lib\jce.jar;C:\Program Files\Java\jdk1.8.0_202\jre\lib\charsets.jar;C:\Program Files\Java\jdk1.8.0_202\jre\lib\jfr.jar;C:\Program Files\Java\jdk1.8.0_202\jre\classes"/>
    <property name="EXECUTOR_NUMBER" value="0"/>
    <property name="sun.desktop" value="windows"/>
    <property name="PATHEXT" value=".COM;.EXE;.BAT;.CMD;.VBS;.VBE;.JS;.JSE;.WSF;.WSH;.MSC"/>
    <property name="java.vm.specification.vendor" value="Oracle Corporation"/>
    <property name="NODE_LABELS" value="master"/>
    <property name="TEMP" value="C:\Users\IN-BR-~1\AppData\Local\Temp"/>
    <property name="java.runtime.version" value="1.8.0_202-b08"/>
    <property name="_RUNJDB" value="&quot;C:\Program Files\Java\jdk1.8.0_202\bin\jdb.exe&quot;"/>
    <property name="user.name" value="IN-BR-002"/>
    <property name="guice.disable.misplaced.annotation.check" value="true"/>
    <property name="CommonProgramW6432" value="C:\Program Files\Common Files"/>
    <property name="CURRENT_DIR" value="C:\Users\IN-BR-002\Desktop\Formation\Tools\apache-tomcat-8.0.50\apache-tomcat-8.0.50\bin"/>
    <property name="ProgramFiles" value="C:\Program Files"/>
    <property name="PROMPT" value="$P$G"/>
    <property name="user.language" value="fr"/>
    <property name="JOB_BASE_NAME" value="JenkinsIntro"/>
    <property name="RUN_CHANGES_DISPLAY_URL" value="http://unconfigured-jenkins-location/job/JenkinsIntro/1/display/redirect?page=changes"/>
    <property name="M2" value="C:\Users\IN-BR-002\Desktop\Formation\Tools\apache-maven-3.3.9\bin"/>
    <property name="BUILD_DISPLAY_NAME" value="#1"/>
    <property name="OneDrive" value="C:\Users\IN-BR-002\OneDrive"/>
    <property name="sun.boot.library.path" value="C:\Program Files\Java\jdk1.8.0_202\jre\bin"/>
    <property name="ACTION" value="start"/>
    <property name="LOCALAPPDATA" value="C:\Users\IN-BR-002\AppData\Local"/>
    <property name="java.version" value="1.8.0_202"/>
    <property name="PROCESSOR_LEVEL" value="6"/>
    <property name="user.timezone" value="GMT+01:00"/>
    <property name="USERNAME" value="IN-BR-002"/>
    <property name="sun.arch.data.model" value="64"/>
    <property name="NODE_NAME" value="master"/>
    <property name="java.endorsed.dirs" value="C:\Program Files\Java\jdk1.8.0_202\jre\lib\endorsed"/>
    <property name="BUILD_ID" value="1"/>
    <property name="sun.cpu.isalist" value="amd64"/>
    <property name="sun.jnu.encoding" value="Cp1252"/>
    <property name="file.encoding.pkg" value="sun.io"/>
    <property name="file.separator" value="\"/>
    <property name="EXECUTABLE" value="C:\Users\IN-BR-002\Desktop\Formation\Tools\apache-tomcat-8.0.50\apache-tomcat-8.0.50\bin\catalina.bat"/>
    <property name="java.specification.name" value="Java Platform API Specification"/>
    <property name="HOMEDRIVE" value="C:"/>
    <property name="java.class.version" value="52.0"/>
    <property name="=::" value="::\"/>
    <property name="org.slf4j.simpleLogger.defaultLogLevel" value="info"/>
    <property name="JRE_HOME" value="C:\Program Files\Java\jdk1.8.0_202"/>
    <property name="user.country" value="FR"/>
    <property name="ALLUSERSPROFILE" value="C:\ProgramData"/>
    <property name="java.home" value="C:\Program Files\Java\jdk1.8.0_202\jre"/>
    <property name="LOGGING_MANAGER" value="-Djava.util.logging.manager=org.apache.juli.ClassLoaderLogManager"/>
    <property name="java.vm.info" value="mixed mode"/>
    <property name="os.version" value="10.0"/>
    <property name="CATALINA_HOME" value="C:\Users\IN-BR-002\Desktop\Formation\Tools\apache-tomcat-8.0.50\apache-tomcat-8.0.50"/>
    <property name="RUN_DISPLAY_URL" value="http://unconfigured-jenkins-location/job/JenkinsIntro/1/display/redirect"/>
    <property name="TMP" value="C:\Users\IN-BR-~1\AppData\Local\Temp"/>
    <property name="path.separator" value=";"/>
    <property name="java.vm.version" value="25.202-b08"/>
    <property name="JAVA_OPTS" value=" &quot;-Djdk.tls.ephemeralDHKeySize=2048&quot; -Djava.protocol.handler.pkgs=org.apache.catalina.webresources"/>
    <property name="user.variant" value=""/>
    <property name="JOB_DISPLAY_URL" value="http://unconfigured-jenkins-location/job/JenkinsIntro/display/redirect"/>
    <property name="CommonProgramFiles(x86)" value="C:\Program Files (x86)\Common Files"/>
    <property name="USERDOMAIN_ROAMINGPROFILE" value="IN-BR-002"/>
    <property name="java.awt.printerjob" value="sun.awt.windows.WPrinterJob"/>
    <property name="sun.io.unicode.encoding" value="UnicodeLittle"/>
    <property name="JAVA_HOME" value="C:\Program Files\Java\jdk1.8.0_202"/>
    <property name="CommonProgramFiles" value="C:\Program Files\Common Files"/>
    <property name="ComSpec" value="C:\Windows\system32\cmd.exe"/>
    <property name="awt.toolkit" value="sun.awt.windows.WToolkit"/>
    <property name="HOMEPATH" value="\Users\IN-BR-002"/>
    <property name="user.script" value=""/>
    <property name="COMPUTERNAME" value="IN-BR-002"/>
    <property name="user.home" value="C:\Users\IN-BR-002"/>
    <property name="PUBLIC" value="C:\Users\Public"/>
    <property name="BUILD_TAG" value="jenkins-JenkinsIntro-1"/>
    <property name="JENKINS_SERVER_COOKIE" value="34b4a36143c3b71c"/>
    <property name="ProgramData" value="C:\ProgramData"/>
    <property name="java.specification.vendor" value="Oracle Corporation"/>
    <property name="USERPROFILE" value="C:\Users\IN-BR-002"/>
    <property name="CLASSPATH" value=""/>
    <property name="java.vendor.url" value="http://java.oracle.com/"/>
    <property name="java.library.path" value="C:\Program Files\Java\jdk1.8.0_202\bin;C:\Windows\Sun\Java\bin;C:\Windows\system32;C:\Windows;C:\Users\IN-BR-002\Desktop\Formation\Tools\apache-maven-3.3.9/bin;C:\Program Files\Java\jdk1.8.0_202/bin;C:\Program Files\Java\jdk1.8.0_202/bin;C:\Program Files (x86)\Common Files\Oracle\Java\javapath;C:\Windows\system32;C:\Windows;C:\Windows\System32\Wbem;C:\Windows\System32\WindowsPowerShell\v1.0\;C:\Windows\System32\OpenSSH\;C:\Program Files\Java\jdk1.8.0_202\bin;C:\Users\IN-BR-002\Desktop\Formation\Tools\apache-maven-3.3.9\bin;C:\Program Files\Git\cmd;C:\Program Files\nodejs\;C:\Program Files\MySQL\MySQL Shell 8.0\bin\;C:\Users\IN-BR-002\AppData\Local\Microsoft\WindowsApps;;C:\Program Files\JetBrains\WebStorm 2019.2.4\bin;;C:\Users\IN-BR-002\AppData\Local\Programs\Microsoft VS Code\bin;C:\Users\IN-BR-002\AppData\Roaming\npm;."/>
    <property name="M_HOME" value="C:\Users\IN-BR-002\Desktop\Formation\Tools\apache-maven-3.3.9"/>
    <property name="java.vm.vendor" value="Oracle Corporation"/>
    <property name="APPDATA" value="C:\Users\IN-BR-002\AppData\Roaming"/>
    <property name="java.runtime.name" value="Java(TM) SE Runtime Environment"/>
    <property name="maven.home" value="C:\Users\IN-BR-002\Desktop\Formation\Tools\apache-maven-3.3.9"/>
    <property name="java.class.path" value="C:\Users\IN-BR-002\.jenkins\plugins\maven-plugin\WEB-INF\lib\maven33-agent-1.13.jar;C:\Users\IN-BR-002\Desktop\Formation\Tools\apache-maven-3.3.9\boot\plexus-classworlds-2.5.2.jar;C:\Users\IN-BR-002\Desktop\Formation\Tools\apache-maven-3.3.9/conf/logging"/>
    <property name="sun.java.command" value="jenkins.maven3.agent.Maven33Main C:\Users\IN-BR-002\Desktop\Formation\Tools\apache-maven-3.3.9 C:\Users\IN-BR-002\Desktop\Formation\Tools\apache-tomcat-8.0.50\apache-tomcat-8.0.50\webapps\jenkins\WEB-INF\lib\remoting-3.29.jar C:\Users\IN-BR-002\.jenkins\plugins\maven-plugin\WEB-INF\lib\maven33-interceptor-1.13.jar C:\Users\IN-BR-002\.jenkins\plugins\maven-plugin\WEB-INF\lib\maven3-interceptor-commons-1.13.jar 62216"/>
    <property name="Path" value="C:\Program Files\Java\jdk1.8.0_202/bin;C:\Program Files (x86)\Common Files\Oracle\Java\javapath;C:\Windows\system32;C:\Windows;C:\Windows\System32\Wbem;C:\Windows\System32\WindowsPowerShell\v1.0\;C:\Windows\System32\OpenSSH\;C:\Program Files\Java\jdk1.8.0_202\bin;C:\Users\IN-BR-002\Desktop\Formation\Tools\apache-maven-3.3.9\bin;C:\Program Files\Git\cmd;C:\Program Files\nodejs\;C:\Program Files\MySQL\MySQL Shell 8.0\bin\;C:\Users\IN-BR-002\AppData\Local\Microsoft\WindowsApps;;C:\Program Files\JetBrains\WebStorm 2019.2.4\bin;;C:\Users\IN-BR-002\AppData\Local\Programs\Microsoft VS Code\bin;C:\Users\IN-BR-002\AppData\Roaming\npm"/>
    <property name="java.vm.specification.name" value="Java Virtual Machine Specification"/>
    <property name="PROCESSOR_ARCHITECTURE" value="AMD64"/>
    <property name="PATH+JDK" value="C:\Program Files\Java\jdk1.8.0_202/bin"/>
    <property name="PROCESSOR_IDENTIFIER" value="Intel64 Family 6 Model 158 Stepping 9, GenuineIntel"/>
    <property name="SESSIONNAME" value="Console"/>
    <property name="java.vm.specification.version" value="1.8"/>
    <property name="sun.os.patch.level" value=""/>
    <property name="CATALINA_BASE" value="C:\Users\IN-BR-002\Desktop\Formation\Tools\apache-tomcat-8.0.50\apache-tomcat-8.0.50"/>
    <property name="sun.cpu.endian" value="little"/>
    <property name="ENDORSED_PROP" value="ignore.endorsed.dirs"/>
    <property name="M2_HOME" value="C:\Users\IN-BR-002\Desktop\Formation\Tools\apache-maven-3.3.9"/>
    <property name="WebStorm" value="C:\Program Files\JetBrains\WebStorm 2019.2.4\bin;"/>
    <property name="java.io.tmpdir" value="C:\Users\IN-BR-~1\AppData\Local\Temp\"/>
    <property name="OS" value="Windows_NT"/>
    <property name="TITLE" value="Tomcat"/>
    <property name="HUDSON_HOME" value="C:\Users\IN-BR-002\.jenkins"/>
    <property name="PATH+MAVEN" value="C:\Users\IN-BR-002\Desktop\Formation\Tools\apache-maven-3.3.9/bin"/>
    <property name="ProgramFiles(x86)" value="C:\Program Files (x86)"/>
    <property name="_EXECJAVA" value="start &quot;Tomcat&quot; &quot;C:\Program Files\Java\jdk1.8.0_202\bin\java.exe&quot;"/>
    <property name="java.vendor.url.bug" value="http://bugreport.sun.com/bugreport/"/>
    <property name="java.awt.graphicsenv" value="sun.awt.Win32GraphicsEnvironment"/>
    <property name="os.arch" value="amd64"/>
    <property name="SystemRoot" value="C:\Windows"/>
    <property name="LOGGING_CONFIG" value="-Djava.util.logging.config.file=&quot;C:\Users\IN-BR-002\Desktop\Formation\Tools\apache-tomcat-8.0.50\apache-tomcat-8.0.50\conf\logging.properties&quot;"/>
    <property name="java.ext.dirs" value="C:\Program Files\Java\jdk1.8.0_202\jre\lib\ext;C:\Windows\Sun\Java\lib\ext"/>
    <property name="user.dir" value="C:\Users\IN-BR-002\Desktop\Formation\Workspace\06_Spring\10_SpringMVC_ioc_Hibernate"/>
    <property name="CATALINA_TMPDIR" value="C:\Users\IN-BR-002\Desktop\Formation\Tools\apache-tomcat-8.0.50\apache-tomcat-8.0.50\temp"/>
    <property name="_RUNJAVA" value="&quot;C:\Program Files\Java\jdk1.8.0_202\bin\java.exe&quot;"/>
    <property name="LOGONSERVER" value="\\IN-BR-002"/>
    <property name="USERDOMAIN" value="IN-BR-002"/>
    <property name="line.separator" value="
"/>
    <property name="MAVEN_HOME" value="C:\Users\IN-BR-002\Desktop\Formation\Tools\apache-maven-3.3.9"/>
    <property name="java.vm.name" value="Java HotSpot(TM) 64-Bit Server VM"/>
    <property name="BUILD_NUMBER" value="1"/>
    <property name="PROCESSOR_REVISION" value="9e09"/>
    <property name="ProgramW6432" value="C:\Program Files"/>
    <property name="windir" value="C:\Windows"/>
    <property name="=C:" value="C:\Users\IN-BR-002\Desktop\Formation\Tools\apache-tomcat-8.0.50\apache-tomcat-8.0.50\bin"/>
    <property name="file.encoding" value="Cp1252"/>
    <property name="SystemDrive" value="C:"/>
    <property name="maven3.interceptor" value="C:\Users\IN-BR-002\.jenkins\plugins\maven-plugin\WEB-INF\lib\maven33-interceptor-1.13.jar"/>
    <property name="WORKSPACE" value="C:\Users\IN-BR-002\Desktop\Formation\Workspace\06_Spring\10_SpringMVC_ioc_Hibernate"/>
    <property name="maven3.interceptor.common" value="C:\Users\IN-BR-002\.jenkins\plugins\maven-plugin\WEB-INF\lib\maven3-interceptor-commons-1.13.jar"/>
    <property name="JSSE_OPTS" value="&quot;-Djdk.tls.ephemeralDHKeySize=2048&quot;"/>
    <property name="MAINCLASS" value="org.apache.catalina.startup.Bootstrap"/>
    <property name="java.specification.version" value="1.8"/>
    <property name="PSModulePath" value="C:\Program Files\WindowsPowerShell\Modules;C:\Windows\system32\WindowsPowerShell\v1.0\Modules"/>
    <property name="DriverData" value="C:\Windows\System32\Drivers\DriverData"/>
  </properties>
  <testcase classname="fr.adaming.test.EtudiantDaoImplTest" name="testUpdateEtudiant" time="0.125"/>
  <testcase classname="fr.adaming.test.EtudiantDaoImplTest" name="testGetAllEtudiantTaille" time="0.172"/>
  <testcase classname="fr.adaming.test.EtudiantDaoImplTest" name="testGetAllEtudiantById" time="0.036"/>
  <testcase classname="fr.adaming.test.EtudiantDaoImplTest" name="testGetAllEtudiantByIdNom" time="0.038"/>
  <testcase classname="fr.adaming.test.EtudiantDaoImplTest" name="testAddEtudiant" time="0.065"/>
  <testcase classname="fr.adaming.test.EtudiantDaoImplTest" name="testGetAllEtudiantNom" time="0.046"/>
</testsuite>